<?xml version="1.0" encoding="UTF-8"?>
<testng-results skipped="0" failed="0" ignored="0" total="1" passed="1">
  <reporter-output>
  </reporter-output>
  <suite name="Surefire suite" duration-ms="27497" started-at="2020-03-26T22:15:28Z" finished-at="2020-03-26T22:15:55Z">
    <groups>
    </groups>
    <test name="Surefire test" duration-ms="27497" started-at="2020-03-26T22:15:28Z" finished-at="2020-03-26T22:15:55Z">
      <class name="com.bdd.myProject.AppTest">
        <test-method status="PASS" signature="testApp()" name="testApp" duration-ms="9" started-at="2020-03-26T22:15:28Z" finished-at="2020-03-26T22:15:28Z">
          <reporter-output>
          </reporter-output>
        </test-method> <!-- testApp -->
      </class> <!-- com.bdd.myProject.AppTest -->
    </test> <!-- Surefire test -->
  </suite> <!-- Surefire suite -->
</testng-results>
