<?xml version="1.0" encoding="UTF-8"?>
<testng-results skipped="0" failed="0" ignored="0" total="1" passed="1">
  <reporter-output>
  </reporter-output>
  <suite name="Surefire suite" duration-ms="45031" started-at="2019-12-29T02:38:53Z" finished-at="2019-12-29T02:39:38Z">
    <groups>
    </groups>
    <test name="Surefire test" duration-ms="45031" started-at="2019-12-29T02:38:53Z" finished-at="2019-12-29T02:39:38Z">
      <class name="com.bdd.myProject.AppTest">
        <test-method status="PASS" signature="testApp()" name="testApp" duration-ms="12" started-at="2019-12-29T02:38:53Z" finished-at="2019-12-29T02:38:53Z">
          <reporter-output>
          </reporter-output>
        </test-method> <!-- testApp -->
      </class> <!-- com.bdd.myProject.AppTest -->
    </test> <!-- Surefire test -->
  </suite> <!-- Surefire suite -->
</testng-results>
